<?xml version="1.0" encoding="UTF-8"?>
<!-- Generated by org.testng.reporters.JUnitReportReporter -->
<testsuite hostname="DDaunays-MBP.lan" failures="0" tests="1" name="RestassuredBBDframework.RestassuredBBDframework.Rectangle_Cities" time="2.515" errors="0" timestamp="25 Mar 2019 10:13:22 GMT" skipped="0">
  <testcase classname="RestassuredBBDframework.RestassuredBBDframework.Rectangle_Cities" name="weather_Id" time="2.515"/>
</testsuite> <!-- RestassuredBBDframework.RestassuredBBDframework.Rectangle_Cities -->
