<?xml version="1.0" encoding="UTF-8"?>
<!-- Generated by org.testng.reporters.JUnitReportReporter -->
<testsuite hostname="DDaunays-MBP.lan" failures="0" tests="1" name="RestassuredBBDframework.RestassuredBBDframework.Response_rest" time="2.575" errors="0" timestamp="25 Mar 2019 10:19:40 GMT" skipped="0">
  <testcase classname="RestassuredBBDframework.RestassuredBBDframework.Response_rest" name="sunrise_time" time="2.575"/>
</testsuite> <!-- RestassuredBBDframework.RestassuredBBDframework.Response_rest -->
